2025-07-05 00:26:50,329 - INFO - Démarrage de l'application Assistant Culinaire & Calories
2025-07-05 00:26:52,487 - INFO - Lancement de l'interface utilisateur
2025-07-05 00:26:52,942 - ERROR - Erreur fatale: 'RecipeDisplay' object has no attribute 'pack'
Traceback (most recent call last):
  File "C:\Users\hp\assistant_culinaire\main.py", line 285, in main
    app = MainApplication()
          ^^^^^^^^^^^^^^^^^
  File "C:\Users\hp\assistant_culinaire\gui_main.py", line 43, in __init__
    self.create_interface()
  File "C:\Users\hp\assistant_culinaire\gui_main.py", line 96, in create_interface
    self.create_main_tabs()
  File "C:\Users\hp\assistant_culinaire\gui_main.py", line 155, in create_main_tabs
    self.create_recipe_tab()
  File "C:\Users\hp\assistant_culinaire\gui_main.py", line 220, in create_recipe_tab
    self.recipe_display.pack(fill='both', expand=True, pady=5)
    ^^^^^^^^^^^^^^^^^^^^^^^^
AttributeError: 'RecipeDisplay' object has no attribute 'pack'
2025-07-05 00:29:59,080 - INFO - Démarrage de l'application Assistant Culinaire & Calories
2025-07-05 00:30:01,159 - INFO - Lancement de l'interface utilisateur
2025-07-05 00:45:02,109 - INFO - Application fermée normalement
2025-07-05 00:45:08,112 - INFO - Démarrage de l'application Assistant Culinaire & Calories
2025-07-05 00:45:10,167 - INFO - Lancement de l'interface utilisateur
2025-07-05 08:38:02,103 - INFO - Application fermée normalement
